<?xml version="1.0" encoding="UTF-8"?>
<testsuites name="Graphic Editor Case" time="15" tests="1" failures="0" errors="0">
   <testsuite name="Graphic Editor Case" tests="1" failures="0" errors="0" time="15" timestamp="2019-01-13 22:22:47" hostname="ajgerim - 192.168.48.115" id="Test Suites/Graphic Editor Case">
      <properties>
         <property name="deviceName" value=""/>
         <property name="devicePlatform" value=""/>
         <property name="logFolder" value="/Users/ajgerim/Katalon Studio/swe2/Reports/Graphic Editor Case/20190113_222243"/>
         <property name="logFiles" value="/Users/ajgerim/Katalon Studio/swe2/Reports/Graphic Editor Case/20190113_222243/execution0.log"/>
         <property name="attachments" value=""/>
         <property name="hostName" value="ajgerim - 192.168.48.115"/>
         <property name="os" value="Mac OS X 64bit"/>
         <property name="katalonVersion" value="5.10.1.1"/>
         <property name="browser" value="Chrome 71.0.3578.98"/>
         <property name="hostAddress" value="192.168.48.115"/>
         <property name="sessionId" value="eab307b32613e2633b817cc456d0f2ce"/>
         <property name="seleniumVersion" value="3.7.1"/>
         <property name="proxyInformation" value="ProxyInformation{proxyOption=NO_PROXY, proxyServerType=HTTP, password=, proxyServerAddress=, proxyServerPort=0}"/>
         <property name="platform" value="Mac OS X"/>
      </properties>
      <testcase name="Test Cases/CreateShape" classname="Test Cases/CreateShape" status="PASSED">
         <system-out><![CDATA[2019-01-13 22:22:47 - [TEST_CASE][PASSED] - Test Cases/CreateShape: Test Cases/CreateShape

2019-01-13 22:22:48 - [TEST_STEP][PASSED] - openBrowser(""): Browser is opened with url: ''

2019-01-13 22:22:49 - [MESSAGE][INFO] - Starting 'Chrome' driver

2019-01-13 22:22:49 - [MESSAGE][INFO] - Action delay is set to 0 seconds

2019-01-13 22:22:53 - [MESSAGE][PASSED] - Browser is opened with url: ''

2019-01-13 22:22:53 - [TEST_STEP][PASSED] - navigateToUrl("http://localhost:8080/circle"): Navigate to 'http://localhost:8080/circle' successfully

2019-01-13 22:22:55 - [MESSAGE][PASSED] - Navigate to 'http://localhost:8080/circle' successfully

2019-01-13 22:22:55 - [TEST_STEP][PASSED] - selectOptionByValue(findTestObject("Object Repository/canvas/Page_Getting Started Serving Web Co/Page_Getting Started Serving Web Co/select_Circle (1)"), "Text", true): All options with value 'Text' are selected in object 'Object Repository/canvas/Page_Getting Started Serving Web Co/Page_Getting Started Serving Web Co/select_Circle (1)'  using regular expression

2019-01-13 22:22:55 - [MESSAGE][PASSED] - All options with value 'Text' are selected in object 'Object Repository/canvas/Page_Getting Started Serving Web Co/Page_Getting Started Serving Web Co/select_Circle (1)'  using regular expression

2019-01-13 22:22:55 - [TEST_STEP][PASSED] - click(findTestObject("Object Repository/canvas/Page_Getting Started Serving Web Co/Page_Getting Started Serving Web Co/form_Text (1)")): Object: 'Object Repository/canvas/Page_Getting Started Serving Web Co/Page_Getting Started Serving Web Co/form_Text (1)' is clicked on

2019-01-13 22:22:55 - [MESSAGE][PASSED] - Object: 'Object Repository/canvas/Page_Getting Started Serving Web Co/Page_Getting Started Serving Web Co/form_Text (1)' is clicked on

2019-01-13 22:22:55 - [TEST_STEP][PASSED] - setText(findTestObject("Object Repository/canvas/Page_Getting Started Serving Web Co/Page_Getting Started Serving Web Co/input_X_x (1)"), "100"): Text '100' is set on object 'Object Repository/canvas/Page_Getting Started Serving Web Co/Page_Getting Started Serving Web Co/input_X_x (1)'

2019-01-13 22:22:55 - [MESSAGE][PASSED] - Text '100' is set on object 'Object Repository/canvas/Page_Getting Started Serving Web Co/Page_Getting Started Serving Web Co/input_X_x (1)'

2019-01-13 22:22:55 - [TEST_STEP][PASSED] - setText(findTestObject("Object Repository/canvas/Page_Getting Started Serving Web Co/Page_Getting Started Serving Web Co/input_Y_y (1)"), "100"): Text '100' is set on object 'Object Repository/canvas/Page_Getting Started Serving Web Co/Page_Getting Started Serving Web Co/input_Y_y (1)'

2019-01-13 22:22:56 - [MESSAGE][PASSED] - Text '100' is set on object 'Object Repository/canvas/Page_Getting Started Serving Web Co/Page_Getting Started Serving Web Co/input_Y_y (1)'

2019-01-13 22:22:56 - [TEST_STEP][PASSED] - setText(findTestObject("Object Repository/canvas/Page_Getting Started Serving Web Co/Page_Getting Started Serving Web Co/input_Text_text (1)"), "sdfdsf"): Text 'sdfdsf' is set on object 'Object Repository/canvas/Page_Getting Started Serving Web Co/Page_Getting Started Serving Web Co/input_Text_text (1)'

2019-01-13 22:22:56 - [MESSAGE][PASSED] - Text 'sdfdsf' is set on object 'Object Repository/canvas/Page_Getting Started Serving Web Co/Page_Getting Started Serving Web Co/input_Text_text (1)'

2019-01-13 22:22:56 - [TEST_STEP][PASSED] - setText(findTestObject("Object Repository/canvas/Page_Getting Started Serving Web Co/Page_Getting Started Serving Web Co/input_Color_color (1)"), "red"): Text 'red' is set on object 'Object Repository/canvas/Page_Getting Started Serving Web Co/Page_Getting Started Serving Web Co/input_Color_color (1)'

2019-01-13 22:22:56 - [MESSAGE][PASSED] - Text 'red' is set on object 'Object Repository/canvas/Page_Getting Started Serving Web Co/Page_Getting Started Serving Web Co/input_Color_color (1)'

2019-01-13 22:22:56 - [TEST_STEP][PASSED] - click(findTestObject("Object Repository/canvas/Page_Getting Started Serving Web Co/Page_Getting Started Serving Web Co/input (1)"), STOP_ON_FAILURE): Object: 'Object Repository/canvas/Page_Getting Started Serving Web Co/Page_Getting Started Serving Web Co/input (1)' is clicked on

2019-01-13 22:22:56 - [MESSAGE][PASSED] - Object: 'Object Repository/canvas/Page_Getting Started Serving Web Co/Page_Getting Started Serving Web Co/input (1)' is clicked on

2019-01-13 22:22:56 - [TEST_STEP][PASSED] - verifyElementPresent(findTestObject("Object Repository/canvas/Page_Getting Started Serving Web Co/Page_Getting Started Serving Web Co/li_1 (1)"), 5): Object 'Object Repository/canvas/Page_Getting Started Serving Web Co/Page_Getting Started Serving Web Co/li_1 (1)' is present

2019-01-13 22:22:56 - [MESSAGE][PASSED] - Object 'Object Repository/canvas/Page_Getting Started Serving Web Co/Page_Getting Started Serving Web Co/li_1 (1)' is present

2019-01-13 22:22:56 - [TEST_STEP][PASSED] - setText(findTestObject("Object Repository/canvas/Page_Getting Started Serving Web Co/Page_Getting Started Serving Web Co/input_ID_id (1)"), "3"): Text '3' is set on object 'Object Repository/canvas/Page_Getting Started Serving Web Co/Page_Getting Started Serving Web Co/input_ID_id (1)'

2019-01-13 22:22:56 - [MESSAGE][PASSED] - Text '3' is set on object 'Object Repository/canvas/Page_Getting Started Serving Web Co/Page_Getting Started Serving Web Co/input_ID_id (1)'

2019-01-13 22:22:56 - [TEST_STEP][PASSED] - click(findTestObject("Object Repository/canvas/Page_Getting Started Serving Web Co/Page_Getting Started Serving Web Co/input_1 (1)")): Object: 'Object Repository/canvas/Page_Getting Started Serving Web Co/Page_Getting Started Serving Web Co/input_1 (1)' is clicked on

2019-01-13 22:22:57 - [MESSAGE][PASSED] - Object: 'Object Repository/canvas/Page_Getting Started Serving Web Co/Page_Getting Started Serving Web Co/input_1 (1)' is clicked on

2019-01-13 22:22:57 - [TEST_STEP][PASSED] - verifyAlertPresent(5): Alert is present after 5 second(s).

2019-01-13 22:22:57 - [MESSAGE][PASSED] - Alert is present after 5 second(s).

2019-01-13 22:22:57 - [TEST_STEP][PASSED] - acceptAlert(): Alert accepted

2019-01-13 22:22:57 - [MESSAGE][PASSED] - Alert accepted

2019-01-13 22:22:57 - [TEST_STEP][PASSED] - acceptAlert(): Alert accepted

2019-01-13 22:22:57 - [MESSAGE][PASSED] - Alert accepted

2019-01-13 22:22:57 - [TEST_STEP][PASSED] - click(findTestObject("Object Repository/canvas/Page_Getting Started Serving Web Co/Page_Getting Started Serving Web Co/button_Layer2 (1)")): Object: 'Object Repository/canvas/Page_Getting Started Serving Web Co/Page_Getting Started Serving Web Co/button_Layer2 (1)' is clicked on

2019-01-13 22:22:57 - [MESSAGE][PASSED] - Object: 'Object Repository/canvas/Page_Getting Started Serving Web Co/Page_Getting Started Serving Web Co/button_Layer2 (1)' is clicked on

2019-01-13 22:22:57 - [TEST_STEP][PASSED] - verifyElementNotPresent(findTestObject("Object Repository/canvas/Page_Getting Started Serving Web Co/Page_Getting Started Serving Web Co/li_1 (1)"), 5): Web element with id: 'Object Repository/canvas/Page_Getting Started Serving Web Co/Page_Getting Started Serving Web Co/li_1 (1)' located by 'By.xpath: (.//*[normalize-space(text()) and normalize-space(.)='Ids of created Shapes'])[1]/following::li[1]' is not present after '5' second(s)

2019-01-13 22:22:57 - [MESSAGE][PASSED] - Web element with id: 'Object Repository/canvas/Page_Getting Started Serving Web Co/Page_Getting Started Serving Web Co/li_1 (1)' located by 'By.xpath: (.//*[normalize-space(text()) and normalize-space(.)='Ids of created Shapes'])[1]/following::li[1]' is not present after '5' second(s)

2019-01-13 22:22:57 - [TEST_STEP][PASSED] - click(findTestObject("Object Repository/canvas/Page_Getting Started Serving Web Co/Page_Getting Started Serving Web Co/button_Layer3 (1)")): Object: 'Object Repository/canvas/Page_Getting Started Serving Web Co/Page_Getting Started Serving Web Co/button_Layer3 (1)' is clicked on

2019-01-13 22:22:57 - [MESSAGE][PASSED] - Object: 'Object Repository/canvas/Page_Getting Started Serving Web Co/Page_Getting Started Serving Web Co/button_Layer3 (1)' is clicked on

2019-01-13 22:22:57 - [TEST_STEP][PASSED] - verifyElementNotPresent(findTestObject("Object Repository/canvas/Page_Getting Started Serving Web Co/Page_Getting Started Serving Web Co/li_1 (1)"), 5): Web element with id: 'Object Repository/canvas/Page_Getting Started Serving Web Co/Page_Getting Started Serving Web Co/li_1 (1)' located by 'By.xpath: (.//*[normalize-space(text()) and normalize-space(.)='Ids of created Shapes'])[1]/following::li[1]' is not present after '5' second(s)

2019-01-13 22:22:57 - [MESSAGE][PASSED] - Web element with id: 'Object Repository/canvas/Page_Getting Started Serving Web Co/Page_Getting Started Serving Web Co/li_1 (1)' located by 'By.xpath: (.//*[normalize-space(text()) and normalize-space(.)='Ids of created Shapes'])[1]/following::li[1]' is not present after '5' second(s)

2019-01-13 22:22:57 - [TEST_STEP][PASSED] - click(findTestObject("Object Repository/canvas/Page_Getting Started Serving Web Co/Page_Getting Started Serving Web Co/button_All (1)")): Object: 'Object Repository/canvas/Page_Getting Started Serving Web Co/Page_Getting Started Serving Web Co/button_All (1)' is clicked on

2019-01-13 22:22:58 - [MESSAGE][PASSED] - Object: 'Object Repository/canvas/Page_Getting Started Serving Web Co/Page_Getting Started Serving Web Co/button_All (1)' is clicked on

2019-01-13 22:22:58 - [TEST_STEP][PASSED] - verifyElementPresent(findTestObject("Object Repository/canvas/Page_Getting Started Serving Web Co/Page_Getting Started Serving Web Co/li_1 (1)"), 5): Object 'Object Repository/canvas/Page_Getting Started Serving Web Co/Page_Getting Started Serving Web Co/li_1 (1)' is present

2019-01-13 22:22:58 - [MESSAGE][PASSED] - Object 'Object Repository/canvas/Page_Getting Started Serving Web Co/Page_Getting Started Serving Web Co/li_1 (1)' is present

2019-01-13 22:22:58 - [TEST_STEP][PASSED] - click(findTestObject("Object Repository/canvas/Page_Getting Started Serving Web Co/Page_Getting Started Serving Web Co/button_Layer1")): Object: 'Object Repository/canvas/Page_Getting Started Serving Web Co/Page_Getting Started Serving Web Co/button_Layer1' is clicked on

2019-01-13 22:22:58 - [MESSAGE][PASSED] - Object: 'Object Repository/canvas/Page_Getting Started Serving Web Co/Page_Getting Started Serving Web Co/button_Layer1' is clicked on

2019-01-13 22:22:58 - [TEST_STEP][PASSED] - setText(findTestObject("Object Repository/canvas/Page_Getting Started Serving Web Co/Page_Getting Started Serving Web Co/input_ID_id (1)"), "1"): Text '1' is set on object 'Object Repository/canvas/Page_Getting Started Serving Web Co/Page_Getting Started Serving Web Co/input_ID_id (1)'

2019-01-13 22:22:58 - [MESSAGE][PASSED] - Text '1' is set on object 'Object Repository/canvas/Page_Getting Started Serving Web Co/Page_Getting Started Serving Web Co/input_ID_id (1)'

2019-01-13 22:22:58 - [TEST_STEP][PASSED] - click(findTestObject("Object Repository/canvas/Page_Getting Started Serving Web Co/Page_Getting Started Serving Web Co/input_1 (1)")): Object: 'Object Repository/canvas/Page_Getting Started Serving Web Co/Page_Getting Started Serving Web Co/input_1 (1)' is clicked on

2019-01-13 22:22:58 - [MESSAGE][PASSED] - Object: 'Object Repository/canvas/Page_Getting Started Serving Web Co/Page_Getting Started Serving Web Co/input_1 (1)' is clicked on

2019-01-13 22:22:58 - [TEST_STEP][PASSED] - callTestCase(findTestCase("Create Triangle"), [:], STOP_ON_FAILURE): Call Test Case 'Test Cases/Create Triangle' successfully

2019-01-13 22:22:58 - [TEST_CASE][PASSED] - Test Cases/Create Triangle: Test Cases/Create Triangle

2019-01-13 22:22:59 - [TEST_STEP][PASSED] - selectOptionByValue(findTestObject("Object Repository/canvas/Triangle/Page_Getting Started Serving Web Co/select_Select..."), "Triangle", true): All options with value 'Triangle' are selected in object 'Object Repository/canvas/Triangle/Page_Getting Started Serving Web Co/select_Select...'  using regular expression

2019-01-13 22:22:59 - [MESSAGE][PASSED] - All options with value 'Triangle' are selected in object 'Object Repository/canvas/Triangle/Page_Getting Started Serving Web Co/select_Select...'  using regular expression

2019-01-13 22:22:59 - [TEST_STEP][PASSED] - setText(findTestObject("Object Repository/canvas/Triangle/Page_Getting Started Serving Web Co/input_X1_x1"), "20"): Text '20' is set on object 'Object Repository/canvas/Triangle/Page_Getting Started Serving Web Co/input_X1_x1'

2019-01-13 22:22:59 - [MESSAGE][PASSED] - Text '20' is set on object 'Object Repository/canvas/Triangle/Page_Getting Started Serving Web Co/input_X1_x1'

2019-01-13 22:22:59 - [TEST_STEP][PASSED] - setText(findTestObject("Object Repository/canvas/Triangle/Page_Getting Started Serving Web Co/input_Y1_y1"), "30"): Text '30' is set on object 'Object Repository/canvas/Triangle/Page_Getting Started Serving Web Co/input_Y1_y1'

2019-01-13 22:22:59 - [MESSAGE][PASSED] - Text '30' is set on object 'Object Repository/canvas/Triangle/Page_Getting Started Serving Web Co/input_Y1_y1'

2019-01-13 22:22:59 - [TEST_STEP][PASSED] - setText(findTestObject("Object Repository/canvas/Triangle/Page_Getting Started Serving Web Co/input_X2_x2"), "40"): Text '40' is set on object 'Object Repository/canvas/Triangle/Page_Getting Started Serving Web Co/input_X2_x2'

2019-01-13 22:23:00 - [MESSAGE][PASSED] - Text '40' is set on object 'Object Repository/canvas/Triangle/Page_Getting Started Serving Web Co/input_X2_x2'

2019-01-13 22:23:00 - [TEST_STEP][PASSED] - setText(findTestObject("Object Repository/canvas/Triangle/Page_Getting Started Serving Web Co/input_Y2_y2"), "100"): Text '100' is set on object 'Object Repository/canvas/Triangle/Page_Getting Started Serving Web Co/input_Y2_y2'

2019-01-13 22:23:00 - [MESSAGE][PASSED] - Text '100' is set on object 'Object Repository/canvas/Triangle/Page_Getting Started Serving Web Co/input_Y2_y2'

2019-01-13 22:23:00 - [TEST_STEP][PASSED] - setText(findTestObject("Object Repository/canvas/Triangle/Page_Getting Started Serving Web Co/input_X3_x3"), "50"): Text '50' is set on object 'Object Repository/canvas/Triangle/Page_Getting Started Serving Web Co/input_X3_x3'

2019-01-13 22:23:00 - [MESSAGE][PASSED] - Text '50' is set on object 'Object Repository/canvas/Triangle/Page_Getting Started Serving Web Co/input_X3_x3'

2019-01-13 22:23:00 - [TEST_STEP][PASSED] - setText(findTestObject("Object Repository/canvas/Triangle/Page_Getting Started Serving Web Co/input_Y3_y3"), "70"): Text '70' is set on object 'Object Repository/canvas/Triangle/Page_Getting Started Serving Web Co/input_Y3_y3'

2019-01-13 22:23:00 - [MESSAGE][PASSED] - Text '70' is set on object 'Object Repository/canvas/Triangle/Page_Getting Started Serving Web Co/input_Y3_y3'

2019-01-13 22:23:00 - [TEST_STEP][PASSED] - setText(findTestObject("Object Repository/canvas/Triangle/Page_Getting Started Serving Web Co/input_Color_color"), "black"): Text 'black' is set on object 'Object Repository/canvas/Triangle/Page_Getting Started Serving Web Co/input_Color_color'

2019-01-13 22:23:00 - [MESSAGE][PASSED] - Text 'black' is set on object 'Object Repository/canvas/Triangle/Page_Getting Started Serving Web Co/input_Color_color'

2019-01-13 22:23:00 - [TEST_STEP][PASSED] - click(findTestObject("Object Repository/canvas/Triangle/Page_Getting Started Serving Web Co/input")): Object: 'Object Repository/canvas/Triangle/Page_Getting Started Serving Web Co/input' is clicked on

2019-01-13 22:23:00 - [MESSAGE][PASSED] - Object: 'Object Repository/canvas/Triangle/Page_Getting Started Serving Web Co/input' is clicked on

2019-01-13 22:23:00 - [TEST_STEP][PASSED] - verifyElementPresent(findTestObject("Object Repository/canvas/Triangle/Page_Getting Started Serving Web Co/li_2"), 5): Object 'Object Repository/canvas/Triangle/Page_Getting Started Serving Web Co/li_2' is present

2019-01-13 22:23:01 - [MESSAGE][PASSED] - Object 'Object Repository/canvas/Triangle/Page_Getting Started Serving Web Co/li_2' is present

2019-01-13 22:23:01 - [MESSAGE][PASSED] - Call Test Case 'Test Cases/Create Triangle' successfully

2019-01-13 22:23:01 - [TEST_STEP][PASSED] - callTestCase(findTestCase("Create Circle"), [:], STOP_ON_FAILURE): Call Test Case 'Test Cases/Create Circle' successfully

2019-01-13 22:23:01 - [TEST_CASE][PASSED] - Test Cases/Create Circle: Test Cases/Create Circle

2019-01-13 22:23:01 - [TEST_STEP][PASSED] - selectOptionByValue(findTestObject("Object Repository/canvas/Circle/Page_Getting Started Serving Web Co/select_Select..."), "Circle", true): All options with value 'Circle' are selected in object 'Object Repository/canvas/Circle/Page_Getting Started Serving Web Co/select_Select...'  using regular expression

2019-01-13 22:23:01 - [MESSAGE][PASSED] - All options with value 'Circle' are selected in object 'Object Repository/canvas/Circle/Page_Getting Started Serving Web Co/select_Select...'  using regular expression

2019-01-13 22:23:01 - [TEST_STEP][PASSED] - setText(findTestObject("Object Repository/canvas/Circle/Page_Getting Started Serving Web Co/input_X-Coordinate_xCoordinate"), "100"): Text '100' is set on object 'Object Repository/canvas/Circle/Page_Getting Started Serving Web Co/input_X-Coordinate_xCoordinate'

2019-01-13 22:23:01 - [MESSAGE][PASSED] - Text '100' is set on object 'Object Repository/canvas/Circle/Page_Getting Started Serving Web Co/input_X-Coordinate_xCoordinate'

2019-01-13 22:23:01 - [TEST_STEP][PASSED] - setText(findTestObject("Object Repository/canvas/Circle/Page_Getting Started Serving Web Co/input_Y-Coordinate_yCoordinate"), "100"): Text '100' is set on object 'Object Repository/canvas/Circle/Page_Getting Started Serving Web Co/input_Y-Coordinate_yCoordinate'

2019-01-13 22:23:01 - [MESSAGE][PASSED] - Text '100' is set on object 'Object Repository/canvas/Circle/Page_Getting Started Serving Web Co/input_Y-Coordinate_yCoordinate'

2019-01-13 22:23:01 - [TEST_STEP][PASSED] - setText(findTestObject("Object Repository/canvas/Circle/Page_Getting Started Serving Web Co/input_Radius_r"), "30"): Text '30' is set on object 'Object Repository/canvas/Circle/Page_Getting Started Serving Web Co/input_Radius_r'

2019-01-13 22:23:02 - [MESSAGE][PASSED] - Text '30' is set on object 'Object Repository/canvas/Circle/Page_Getting Started Serving Web Co/input_Radius_r'

2019-01-13 22:23:02 - [TEST_STEP][PASSED] - setText(findTestObject("Object Repository/canvas/Circle/Page_Getting Started Serving Web Co/input_Color_color"), "blue"): Text 'blue' is set on object 'Object Repository/canvas/Circle/Page_Getting Started Serving Web Co/input_Color_color'

2019-01-13 22:23:02 - [MESSAGE][PASSED] - Text 'blue' is set on object 'Object Repository/canvas/Circle/Page_Getting Started Serving Web Co/input_Color_color'

2019-01-13 22:23:02 - [TEST_STEP][PASSED] - click(findTestObject("Object Repository/canvas/Circle/Page_Getting Started Serving Web Co/input")): Object: 'Object Repository/canvas/Circle/Page_Getting Started Serving Web Co/input' is clicked on

2019-01-13 22:23:02 - [MESSAGE][PASSED] - Object: 'Object Repository/canvas/Circle/Page_Getting Started Serving Web Co/input' is clicked on

2019-01-13 22:23:02 - [TEST_STEP][PASSED] - verifyElementPresent(findTestObject("Object Repository/canvas/Circle/Page_Getting Started Serving Web Co/li_3"), 5): Object 'Object Repository/canvas/Circle/Page_Getting Started Serving Web Co/li_3' is present

2019-01-13 22:23:02 - [MESSAGE][PASSED] - Object 'Object Repository/canvas/Circle/Page_Getting Started Serving Web Co/li_3' is present

2019-01-13 22:23:02 - [MESSAGE][PASSED] - Call Test Case 'Test Cases/Create Circle' successfully

2019-01-13 22:23:02 - [TEST_STEP][NOT_RUN] - callTestCase(findTestCase("Move Shape"), [:], STOP_ON_FAILURE): NOT_RUN: callTestCase(findTestCase("Move Shape"), [:], STOP_ON_FAILURE)

2019-01-13 22:23:02 - [MESSAGE][NOT_RUN] - NOT_RUN: callTestCase(findTestCase("Move Shape"), [:], STOP_ON_FAILURE)]]></system-out>
         <system-err><![CDATA[]]></system-err>
      </testcase>
      <system-out><![CDATA[2019-01-13 22:22:47 - [TEST_SUITE][PASSED] - Graphic Editor Case: Test Cases/CreateShape]]></system-out>
      <system-err><![CDATA[]]></system-err>
   </testsuite>
</testsuites>
